<?xml version="1.0" encoding="UTF-8"?>
<testsuite xmlns:xsi="http://www.w3.org/2001/XMLSchema-instance" xsi:noNamespaceSchemaLocation="https://maven.apache.org/surefire/maven-surefire-plugin/xsd/surefire-test-report.xsd" version="3.0.2" name="com.studymate.StudymateBackendApplicationTests" time="11.74" tests="1" errors="0" skipped="0" failures="0">
  <properties>
[...]
</properties>
  <testcase name="contextLoads" classname="com.studymate.StudymateBackendApplicationTests" time="0.498">
    <system-out><![CDATA[Standard Commons Logging discovery in action with spring-jcl: please remove commons-logging.jar from classpath in order to avoid potential conflicts
14:46:34.058 [main] INFO org.springframework.test.context.support.AnnotationConfigContextLoaderUtils -- Could not detect default configuration classes for test class [com.studymate.StudymateBackendApplicationTests]: StudymateBackendApplicationTests does not declare any static, non-private, non-final, nested classes annotated with @Configuration.
14:46:34.233 [main] INFO org.springframework.boot.test.context.SpringBootTestContextBootstrapper -- Found @SpringBootConfiguration com.studymate.StudymateBackendApplication for test class com.studymate.StudymateBackendApplicationTests
14:46:34.532 [main] INFO org.springframework.boot.devtools.restart.RestartApplicationListener -- Restart disabled due to context in which it is running

  .   ____          _            __ _ _
 /\\ / ___'_ __ _ _(_)_ __  __ _ \ \ \ \
( ( )\___ | '_ | '_| | '_ \/ _` | \ \ \ \
 \\/  ___)| |_)| | | | | || (_| |  ) ) ) )
  '  |____| .__|_| |_|_| |_\__, | / / / /
 =========|_|==============|___/=/_/_/_/

 :: Spring Boot ::                (v3.5.4)

2025-08-08T14:46:35.009-05:00  INFO 4636 --- [studymate-backend] [           main] c.s.StudymateBackendApplicationTests     : Starting StudymateBackendApplicationTests using Java 17.0.12 with PID 4636 (started by Steven Botina in C:\Proyectos\Deploy\studymate-backend)
2025-08-08T14:46:35.011-05:00  INFO 4636 --- [studymate-backend] [           main] c.s.StudymateBackendApplicationTests     : No active profile set, falling back to 1 default profile: "default"
2025-08-08T14:46:39.235-05:00  WARN 4636 --- [studymate-backend] [           main] org.hibernate.orm.deprecation            : HHH90000025: PostgreSQLDialect does not need to be specified explicitly using 'hibernate.dialect' (remove the property setting and it will be selected by default)
2025-08-08T14:46:43.361-05:00  WARN 4636 --- [studymate-backend] [           main] r$InitializeUserDetailsManagerConfigurer : Global AuthenticationManager configured with an AuthenticationProvider bean. UserDetailsService beans will not be used by Spring Security for automatically configuring username/password login. Consider removing the AuthenticationProvider bean. Alternatively, consider using the UserDetailsService in a manually instantiated DaoAuthenticationProvider. If the current configuration is intentional, to turn off this warning, increase the logging level of 'org.springframework.security.config.annotation.authentication.configuration.InitializeUserDetailsBeanManagerConfigurer' to ERROR
2025-08-08T14:46:44.206-05:00  WARN 4636 --- [studymate-backend] [           main] JpaBaseConfiguration$JpaWebConfiguration : spring.jpa.open-in-view is enabled by default. Therefore, database queries may be performed during view rendering. Explicitly configure spring.jpa.open-in-view to disable this warning
2025-08-08T14:46:45.063-05:00  INFO 4636 --- [studymate-backend] [           main] c.s.StudymateBackendApplicationTests     : Started StudymateBackendApplicationTests in 10.552 seconds (process running for 11.992)
]]></system-out>
  </testcase>
</testsuite>